{"E:\\Node JS\\Exercise\\API Project Node JS Express and Mongo DB\\initialize.js": {"path":"E:\\Node JS\\Exercise\\API Project Node JS Express and Mongo DB\\initialize.js","statementMap":{"0":{"start":{"line":1,"column":15},"end":{"line":1,"column":32}},"1":{"start":{"line":2,"column":17},"end":{"line":2,"column":36}},"2":{"start":{"line":3,"column":15},"end":{"line":3,"column":32}},"3":{"start":{"line":4,"column":16},"end":{"line":4,"column":34}},"4":{"start":{"line":5,"column":12},"end":{"line":5,"column":21}},"5":{"start":{"line":7,"column":0},"end":{"line":7,"column":18}},"6":{"start":{"line":8,"column":0},"end":{"line":8,"column":24}},"7":{"start":{"line":9,"column":0},"end":{"line":9,"column":46}},"8":{"start":{"line":11,"column":0},"end":{"line":11,"column":31}},"9":{"start":{"line":12,"column":0},"end":{"line":12,"column":33}},"10":{"start":{"line":13,"column":0},"end":{"line":13,"column":41}},"11":{"start":{"line":15,"column":0},"end":{"line":15,"column":28}},"12":{"start":{"line":17,"column":0},"end":{"line":20,"column":1}},"13":{"start":{"line":18,"column":4},"end":{"line":18,"column":48}},"14":{"start":{"line":19,"column":4},"end":{"line":19,"column":20}},"15":{"start":{"line":22,"column":15},"end":{"line":24,"column":2}},"16":{"start":{"line":23,"column":4},"end":{"line":23,"column":68}},"17":{"start":{"line":26,"column":0},"end":{"line":26,"column":24}}},"fnMap":{"0":{"name":"(anonymous_0)","decl":{"start":{"line":22,"column":52},"end":{"line":22,"column":53}},"loc":{"start":{"line":22,"column":57},"end":{"line":24,"column":1}},"line":22}},"branchMap":{"0":{"loc":{"start":{"line":17,"column":0},"end":{"line":20,"column":1}},"type":"if","locations":[{"start":{"line":17,"column":0},"end":{"line":20,"column":1}},{"start":{},"end":{}}],"line":17},"1":{"loc":{"start":{"line":22,"column":26},"end":{"line":22,"column":50}},"type":"binary-expr","locations":[{"start":{"line":22,"column":26},"end":{"line":22,"column":42}},{"start":{"line":22,"column":46},"end":{"line":22,"column":50}}],"line":22},"2":{"loc":{"start":{"line":23,"column":37},"end":{"line":23,"column":61}},"type":"binary-expr","locations":[{"start":{"line":23,"column":37},"end":{"line":23,"column":53}},{"start":{"line":23,"column":57},"end":{"line":23,"column":61}}],"line":23}},"s":{"0":2,"1":2,"2":2,"3":2,"4":2,"5":2,"6":2,"7":2,"8":2,"9":2,"10":2,"11":2,"12":2,"13":0,"14":0,"15":2,"16":2,"17":2},"f":{"0":2},"b":{"0":[0,2],"1":[2,2],"2":[2,2]},"_coverageSchema":"1a1c01bbd47fc00a2c39e90264f33305004495a9","hash":"e08ff6207c7a9b0a6b3d3e5dedaff66761a4ec95"}
,"E:\\Node JS\\Exercise\\API Project Node JS Express and Mongo DB\\dbconfig\\dbconfig.js": {"path":"E:\\Node JS\\Exercise\\API Project Node JS Express and Mongo DB\\dbconfig\\dbconfig.js","statementMap":{"0":{"start":{"line":1,"column":16},"end":{"line":1,"column":34}},"1":{"start":{"line":3,"column":0},"end":{"line":3,"column":27}},"2":{"start":{"line":4,"column":0},"end":{"line":8,"column":1}},"3":{"start":{"line":5,"column":13},"end":{"line":5,"column":29}},"4":{"start":{"line":6,"column":4},"end":{"line":7,"column":69}},"5":{"start":{"line":7,"column":20},"end":{"line":7,"column":67}}},"fnMap":{"0":{"name":"(anonymous_0)","decl":{"start":{"line":4,"column":17},"end":{"line":4,"column":18}},"loc":{"start":{"line":4,"column":37},"end":{"line":8,"column":1}},"line":4},"1":{"name":"(anonymous_1)","decl":{"start":{"line":7,"column":14},"end":{"line":7,"column":15}},"loc":{"start":{"line":7,"column":20},"end":{"line":7,"column":67}},"line":7}},"branchMap":{},"s":{"0":2,"1":2,"2":2,"3":2,"4":2,"5":1},"f":{"0":2,"1":1},"b":{},"_coverageSchema":"1a1c01bbd47fc00a2c39e90264f33305004495a9","hash":"519b888a9033e9371bc647355a901145ef8bdf52"}
,"E:\\Node JS\\Exercise\\API Project Node JS Express and Mongo DB\\middleware\\admin.js": {"path":"E:\\Node JS\\Exercise\\API Project Node JS Express and Mongo DB\\middleware\\admin.js","statementMap":{"0":{"start":{"line":1,"column":0},"end":{"line":5,"column":1}},"1":{"start":{"line":2,"column":4},"end":{"line":2,"column":72}},"2":{"start":{"line":2,"column":26},"end":{"line":2,"column":72}},"3":{"start":{"line":3,"column":4},"end":{"line":3,"column":11}}},"fnMap":{"0":{"name":"(anonymous_0)","decl":{"start":{"line":1,"column":17},"end":{"line":1,"column":18}},"loc":{"start":{"line":1,"column":43},"end":{"line":5,"column":1}},"line":1}},"branchMap":{"0":{"loc":{"start":{"line":2,"column":4},"end":{"line":2,"column":72}},"type":"if","locations":[{"start":{"line":2,"column":4},"end":{"line":2,"column":72}},{"start":{},"end":{}}],"line":2}},"s":{"0":2,"1":0,"2":0,"3":0},"f":{"0":0},"b":{"0":[0,0]},"_coverageSchema":"1a1c01bbd47fc00a2c39e90264f33305004495a9","hash":"d072baf2adf463e1039561f8ccd3c9b738fa015f"}
,"E:\\Node JS\\Exercise\\API Project Node JS Express and Mongo DB\\middleware\\authentication.js": {"path":"E:\\Node JS\\Exercise\\API Project Node JS Express and Mongo DB\\middleware\\authentication.js","statementMap":{"0":{"start":{"line":1,"column":12},"end":{"line":1,"column":35}},"1":{"start":{"line":2,"column":15},"end":{"line":2,"column":32}},"2":{"start":{"line":4,"column":0},"end":{"line":16,"column":1}},"3":{"start":{"line":5,"column":18},"end":{"line":5,"column":44}},"4":{"start":{"line":6,"column":4},"end":{"line":6,"column":81}},"5":{"start":{"line":6,"column":17},"end":{"line":6,"column":81}},"6":{"start":{"line":8,"column":4},"end":{"line":15,"column":5}},"7":{"start":{"line":9,"column":24},"end":{"line":9,"column":70}},"8":{"start":{"line":10,"column":8},"end":{"line":10,"column":27}},"9":{"start":{"line":11,"column":8},"end":{"line":11,"column":15}},"10":{"start":{"line":14,"column":8},"end":{"line":14,"column":46}}},"fnMap":{"0":{"name":"(anonymous_0)","decl":{"start":{"line":4,"column":17},"end":{"line":4,"column":18}},"loc":{"start":{"line":4,"column":43},"end":{"line":16,"column":1}},"line":4}},"branchMap":{"0":{"loc":{"start":{"line":6,"column":4},"end":{"line":6,"column":81}},"type":"if","locations":[{"start":{"line":6,"column":4},"end":{"line":6,"column":81}},{"start":{},"end":{}}],"line":6}},"s":{"0":2,"1":2,"2":2,"3":4,"4":4,"5":2,"6":2,"7":2,"8":2,"9":2,"10":0},"f":{"0":4},"b":{"0":[2,2]},"_coverageSchema":"1a1c01bbd47fc00a2c39e90264f33305004495a9","hash":"59bacd3e80f9c25ea7e056ac198a6f0aea0ac4f4"}
,"E:\\Node JS\\Exercise\\API Project Node JS Express and Mongo DB\\middleware\\error.js": {"path":"E:\\Node JS\\Exercise\\API Project Node JS Express and Mongo DB\\middleware\\error.js","statementMap":{"0":{"start":{"line":1,"column":16},"end":{"line":1,"column":34}},"1":{"start":{"line":3,"column":0},"end":{"line":9,"column":1}},"2":{"start":{"line":4,"column":4},"end":{"line":4,"column":20}},"3":{"start":{"line":6,"column":4},"end":{"line":6,"column":36}},"4":{"start":{"line":8,"column":4},"end":{"line":8,"column":50}}},"fnMap":{"0":{"name":"(anonymous_0)","decl":{"start":{"line":3,"column":17},"end":{"line":3,"column":18}},"loc":{"start":{"line":3,"column":46},"end":{"line":9,"column":1}},"line":3}},"branchMap":{},"s":{"0":2,"1":2,"2":0,"3":0,"4":0},"f":{"0":0},"b":{},"_coverageSchema":"1a1c01bbd47fc00a2c39e90264f33305004495a9","hash":"f16a6074dd5680836d44add56940e20f3cac4496"}
,"E:\\Node JS\\Exercise\\API Project Node JS Express and Mongo DB\\middleware\\validateObectId.js": {"path":"E:\\Node JS\\Exercise\\API Project Node JS Express and Mongo DB\\middleware\\validateObectId.js","statementMap":{"0":{"start":{"line":1,"column":17},"end":{"line":1,"column":36}},"1":{"start":{"line":3,"column":0},"end":{"line":8,"column":1}},"2":{"start":{"line":4,"column":4},"end":{"line":5,"column":57}},"3":{"start":{"line":5,"column":8},"end":{"line":5,"column":57}},"4":{"start":{"line":7,"column":4},"end":{"line":7,"column":11}}},"fnMap":{"0":{"name":"(anonymous_0)","decl":{"start":{"line":3,"column":17},"end":{"line":3,"column":18}},"loc":{"start":{"line":3,"column":41},"end":{"line":8,"column":1}},"line":3}},"branchMap":{"0":{"loc":{"start":{"line":4,"column":4},"end":{"line":5,"column":57}},"type":"if","locations":[{"start":{"line":4,"column":4},"end":{"line":5,"column":57}},{"start":{},"end":{}}],"line":4}},"s":{"0":2,"1":2,"2":2,"3":1,"4":1},"f":{"0":2},"b":{"0":[1,1]},"_coverageSchema":"1a1c01bbd47fc00a2c39e90264f33305004495a9","hash":"2749770e52524185fac036f0fa585c9296f3bf8e"}
,"E:\\Node JS\\Exercise\\API Project Node JS Express and Mongo DB\\router\\authentication.js": {"path":"E:\\Node JS\\Exercise\\API Project Node JS Express and Mongo DB\\router\\authentication.js","statementMap":{"0":{"start":{"line":1,"column":16},"end":{"line":1,"column":34}},"1":{"start":{"line":2,"column":15},"end":{"line":2,"column":31}},"2":{"start":{"line":3,"column":12},"end":{"line":3,"column":26}},"3":{"start":{"line":4,"column":17},"end":{"line":4,"column":43}},"4":{"start":{"line":5,"column":15},"end":{"line":5,"column":32}},"5":{"start":{"line":8,"column":17},"end":{"line":11,"column":6}},"6":{"start":{"line":13,"column":3},"end":{"line":13,"column":32}},"7":{"start":{"line":16,"column":0},"end":{"line":32,"column":3}},"8":{"start":{"line":18,"column":22},"end":{"line":18,"column":40}},"9":{"start":{"line":20,"column":4},"end":{"line":20,"column":69}},"10":{"start":{"line":20,"column":15},"end":{"line":20,"column":69}},"11":{"start":{"line":22,"column":15},"end":{"line":22,"column":64}},"12":{"start":{"line":23,"column":4},"end":{"line":23,"column":75}},"13":{"start":{"line":23,"column":14},"end":{"line":23,"column":75}},"14":{"start":{"line":25,"column":25},"end":{"line":25,"column":79}},"15":{"start":{"line":26,"column":4},"end":{"line":26,"column":83}},"16":{"start":{"line":26,"column":22},"end":{"line":26,"column":83}},"17":{"start":{"line":28,"column":18},"end":{"line":28,"column":42}},"18":{"start":{"line":30,"column":4},"end":{"line":30,"column":20}},"19":{"start":{"line":34,"column":0},"end":{"line":34,"column":24}}},"fnMap":{"0":{"name":"validate","decl":{"start":{"line":7,"column":9},"end":{"line":7,"column":17}},"loc":{"start":{"line":7,"column":24},"end":{"line":14,"column":1}},"line":7},"1":{"name":"(anonymous_1)","decl":{"start":{"line":16,"column":17},"end":{"line":16,"column":18}},"loc":{"start":{"line":16,"column":37},"end":{"line":32,"column":1}},"line":16}},"branchMap":{"0":{"loc":{"start":{"line":20,"column":4},"end":{"line":20,"column":69}},"type":"if","locations":[{"start":{"line":20,"column":4},"end":{"line":20,"column":69}},{"start":{},"end":{}}],"line":20},"1":{"loc":{"start":{"line":23,"column":4},"end":{"line":23,"column":75}},"type":"if","locations":[{"start":{"line":23,"column":4},"end":{"line":23,"column":75}},{"start":{},"end":{}}],"line":23},"2":{"loc":{"start":{"line":26,"column":4},"end":{"line":26,"column":83}},"type":"if","locations":[{"start":{"line":26,"column":4},"end":{"line":26,"column":83}},{"start":{},"end":{}}],"line":26}},"s":{"0":2,"1":2,"2":2,"3":2,"4":2,"5":0,"6":0,"7":2,"8":0,"9":0,"10":0,"11":0,"12":0,"13":0,"14":0,"15":0,"16":0,"17":0,"18":0,"19":2},"f":{"0":0,"1":0},"b":{"0":[0,0],"1":[0,0],"2":[0,0]},"_coverageSchema":"1a1c01bbd47fc00a2c39e90264f33305004495a9","hash":"648f47e0da10c6c46d5ba3421e7e82de543ef6b8"}
,"E:\\Node JS\\Exercise\\API Project Node JS Express and Mongo DB\\router\\customers.js": {"path":"E:\\Node JS\\Exercise\\API Project Node JS Express and Mongo DB\\router\\customers.js","statementMap":{"0":{"start":{"line":1,"column":29},"end":{"line":1,"column":58}},"1":{"start":{"line":2,"column":17},"end":{"line":2,"column":36}},"2":{"start":{"line":3,"column":16},"end":{"line":3,"column":34}},"3":{"start":{"line":4,"column":15},"end":{"line":4,"column":31}},"4":{"start":{"line":6,"column":0},"end":{"line":9,"column":3}},"5":{"start":{"line":7,"column":20},"end":{"line":7,"column":54}},"6":{"start":{"line":8,"column":2},"end":{"line":8,"column":22}},"7":{"start":{"line":11,"column":0},"end":{"line":23,"column":3}},"8":{"start":{"line":12,"column":20},"end":{"line":12,"column":38}},"9":{"start":{"line":13,"column":2},"end":{"line":13,"column":67}},"10":{"start":{"line":13,"column":13},"end":{"line":13,"column":67}},"11":{"start":{"line":15,"column":17},"end":{"line":19,"column":4}},"12":{"start":{"line":20,"column":2},"end":{"line":20,"column":35}},"13":{"start":{"line":22,"column":2},"end":{"line":22,"column":21}},"14":{"start":{"line":25,"column":0},"end":{"line":39,"column":3}},"15":{"start":{"line":26,"column":20},"end":{"line":26,"column":38}},"16":{"start":{"line":27,"column":2},"end":{"line":27,"column":67}},"17":{"start":{"line":27,"column":13},"end":{"line":27,"column":67}},"18":{"start":{"line":29,"column":19},"end":{"line":34,"column":21}},"19":{"start":{"line":36,"column":2},"end":{"line":36,"column":94}},"20":{"start":{"line":36,"column":17},"end":{"line":36,"column":94}},"21":{"start":{"line":38,"column":2},"end":{"line":38,"column":21}},"22":{"start":{"line":41,"column":0},"end":{"line":47,"column":3}},"23":{"start":{"line":42,"column":19},"end":{"line":42,"column":66}},"24":{"start":{"line":44,"column":2},"end":{"line":44,"column":94}},"25":{"start":{"line":44,"column":17},"end":{"line":44,"column":94}},"26":{"start":{"line":46,"column":2},"end":{"line":46,"column":21}},"27":{"start":{"line":49,"column":0},"end":{"line":55,"column":3}},"28":{"start":{"line":50,"column":19},"end":{"line":50,"column":57}},"29":{"start":{"line":52,"column":2},"end":{"line":52,"column":94}},"30":{"start":{"line":52,"column":17},"end":{"line":52,"column":94}},"31":{"start":{"line":54,"column":2},"end":{"line":54,"column":21}},"32":{"start":{"line":57,"column":0},"end":{"line":57,"column":24}}},"fnMap":{"0":{"name":"(anonymous_0)","decl":{"start":{"line":6,"column":16},"end":{"line":6,"column":17}},"loc":{"start":{"line":6,"column":36},"end":{"line":9,"column":1}},"line":6},"1":{"name":"(anonymous_1)","decl":{"start":{"line":11,"column":17},"end":{"line":11,"column":18}},"loc":{"start":{"line":11,"column":37},"end":{"line":23,"column":1}},"line":11},"2":{"name":"(anonymous_2)","decl":{"start":{"line":25,"column":19},"end":{"line":25,"column":20}},"loc":{"start":{"line":25,"column":39},"end":{"line":39,"column":1}},"line":25},"3":{"name":"(anonymous_3)","decl":{"start":{"line":41,"column":22},"end":{"line":41,"column":23}},"loc":{"start":{"line":41,"column":42},"end":{"line":47,"column":1}},"line":41},"4":{"name":"(anonymous_4)","decl":{"start":{"line":49,"column":19},"end":{"line":49,"column":20}},"loc":{"start":{"line":49,"column":39},"end":{"line":55,"column":1}},"line":49}},"branchMap":{"0":{"loc":{"start":{"line":13,"column":2},"end":{"line":13,"column":67}},"type":"if","locations":[{"start":{"line":13,"column":2},"end":{"line":13,"column":67}},{"start":{},"end":{}}],"line":13},"1":{"loc":{"start":{"line":27,"column":2},"end":{"line":27,"column":67}},"type":"if","locations":[{"start":{"line":27,"column":2},"end":{"line":27,"column":67}},{"start":{},"end":{}}],"line":27},"2":{"loc":{"start":{"line":36,"column":2},"end":{"line":36,"column":94}},"type":"if","locations":[{"start":{"line":36,"column":2},"end":{"line":36,"column":94}},{"start":{},"end":{}}],"line":36},"3":{"loc":{"start":{"line":44,"column":2},"end":{"line":44,"column":94}},"type":"if","locations":[{"start":{"line":44,"column":2},"end":{"line":44,"column":94}},{"start":{},"end":{}}],"line":44},"4":{"loc":{"start":{"line":52,"column":2},"end":{"line":52,"column":94}},"type":"if","locations":[{"start":{"line":52,"column":2},"end":{"line":52,"column":94}},{"start":{},"end":{}}],"line":52}},"s":{"0":2,"1":2,"2":2,"3":2,"4":2,"5":0,"6":0,"7":2,"8":0,"9":0,"10":0,"11":0,"12":0,"13":0,"14":2,"15":0,"16":0,"17":0,"18":0,"19":0,"20":0,"21":0,"22":2,"23":0,"24":0,"25":0,"26":0,"27":2,"28":0,"29":0,"30":0,"31":0,"32":2},"f":{"0":0,"1":0,"2":0,"3":0,"4":0},"b":{"0":[0,0],"1":[0,0],"2":[0,0],"3":[0,0],"4":[0,0]},"_coverageSchema":"1a1c01bbd47fc00a2c39e90264f33305004495a9","hash":"22709d38d48b553c4f79ef04ceff5d78d3c1233e"}
,"E:\\Node JS\\Exercise\\API Project Node JS Express and Mongo DB\\router\\genres.js": {"path":"E:\\Node JS\\Exercise\\API Project Node JS Express and Mongo DB\\router\\genres.js","statementMap":{"0":{"start":{"line":1,"column":16},"end":{"line":1,"column":34}},"1":{"start":{"line":2,"column":15},"end":{"line":2,"column":31}},"2":{"start":{"line":3,"column":30},"end":{"line":3,"column":56}},"3":{"start":{"line":4,"column":13},"end":{"line":4,"column":52}},"4":{"start":{"line":5,"column":14},"end":{"line":5,"column":44}},"5":{"start":{"line":6,"column":25},"end":{"line":6,"column":65}},"6":{"start":{"line":8,"column":0},"end":{"line":19,"column":4}},"7":{"start":{"line":9,"column":22},"end":{"line":9,"column":40}},"8":{"start":{"line":10,"column":4},"end":{"line":10,"column":68}},"9":{"start":{"line":10,"column":14},"end":{"line":10,"column":68}},"10":{"start":{"line":12,"column":16},"end":{"line":14,"column":6}},"11":{"start":{"line":16,"column":4},"end":{"line":16,"column":23}},"12":{"start":{"line":18,"column":4},"end":{"line":18,"column":20}},"13":{"start":{"line":21,"column":0},"end":{"line":24,"column":3}},"14":{"start":{"line":22,"column":19},"end":{"line":22,"column":51}},"15":{"start":{"line":23,"column":4},"end":{"line":23,"column":21}},"16":{"start":{"line":26,"column":0},"end":{"line":33,"column":5}},"17":{"start":{"line":28,"column":18},"end":{"line":28,"column":54}},"18":{"start":{"line":30,"column":4},"end":{"line":30,"column":90}},"19":{"start":{"line":30,"column":16},"end":{"line":30,"column":90}},"20":{"start":{"line":32,"column":4},"end":{"line":32,"column":20}},"21":{"start":{"line":35,"column":0},"end":{"line":41,"column":5}},"22":{"start":{"line":36,"column":21},"end":{"line":36,"column":66}},"23":{"start":{"line":38,"column":4},"end":{"line":38,"column":94}},"24":{"start":{"line":38,"column":19},"end":{"line":38,"column":94}},"25":{"start":{"line":40,"column":4},"end":{"line":40,"column":23}},"26":{"start":{"line":43,"column":0},"end":{"line":43,"column":24}}},"fnMap":{"0":{"name":"(anonymous_0)","decl":{"start":{"line":8,"column":24},"end":{"line":8,"column":25}},"loc":{"start":{"line":8,"column":44},"end":{"line":19,"column":1}},"line":8},"1":{"name":"(anonymous_1)","decl":{"start":{"line":21,"column":16},"end":{"line":21,"column":17}},"loc":{"start":{"line":21,"column":35},"end":{"line":24,"column":1}},"line":21},"2":{"name":"(anonymous_2)","decl":{"start":{"line":26,"column":37},"end":{"line":26,"column":38}},"loc":{"start":{"line":26,"column":57},"end":{"line":33,"column":3}},"line":26},"3":{"name":"(anonymous_3)","decl":{"start":{"line":35,"column":37},"end":{"line":35,"column":38}},"loc":{"start":{"line":35,"column":57},"end":{"line":41,"column":3}},"line":35}},"branchMap":{"0":{"loc":{"start":{"line":10,"column":4},"end":{"line":10,"column":68}},"type":"if","locations":[{"start":{"line":10,"column":4},"end":{"line":10,"column":68}},{"start":{},"end":{}}],"line":10},"1":{"loc":{"start":{"line":30,"column":4},"end":{"line":30,"column":90}},"type":"if","locations":[{"start":{"line":30,"column":4},"end":{"line":30,"column":90}},{"start":{},"end":{}}],"line":30},"2":{"loc":{"start":{"line":38,"column":4},"end":{"line":38,"column":94}},"type":"if","locations":[{"start":{"line":38,"column":4},"end":{"line":38,"column":94}},{"start":{},"end":{}}],"line":38}},"s":{"0":2,"1":2,"2":2,"3":2,"4":2,"5":2,"6":2,"7":2,"8":2,"9":2,"10":0,"11":0,"12":0,"13":2,"14":1,"15":1,"16":2,"17":1,"18":1,"19":0,"20":1,"21":2,"22":0,"23":0,"24":0,"25":0,"26":2},"f":{"0":2,"1":1,"2":1,"3":0},"b":{"0":[2,0],"1":[0,1],"2":[0,0]},"_coverageSchema":"1a1c01bbd47fc00a2c39e90264f33305004495a9","hash":"d78620513318b6d6f79bb0515aebf67ae3dc4dbd"}
,"E:\\Node JS\\Exercise\\API Project Node JS Express and Mongo DB\\router\\movies.js": {"path":"E:\\Node JS\\Exercise\\API Project Node JS Express and Mongo DB\\router\\movies.js","statementMap":{"0":{"start":{"line":1,"column":16},"end":{"line":1,"column":34}},"1":{"start":{"line":2,"column":15},"end":{"line":2,"column":31}},"2":{"start":{"line":3,"column":20},"end":{"line":3,"column":47}},"3":{"start":{"line":4,"column":19},"end":{"line":4,"column":45}},"4":{"start":{"line":8,"column":19},"end":{"line":16,"column":6}},"5":{"start":{"line":18,"column":4},"end":{"line":25,"column":5}},"6":{"start":{"line":19,"column":8},"end":{"line":19,"column":35}},"7":{"start":{"line":22,"column":8},"end":{"line":24,"column":9}},"8":{"start":{"line":23,"column":12},"end":{"line":23,"column":43}},"9":{"start":{"line":29,"column":4},"end":{"line":31,"column":26}},"10":{"start":{"line":35,"column":4},"end":{"line":52,"column":5}},"11":{"start":{"line":36,"column":9},"end":{"line":45,"column":27}},"12":{"start":{"line":49,"column":8},"end":{"line":51,"column":9}},"13":{"start":{"line":50,"column":11},"end":{"line":50,"column":43}},"14":{"start":{"line":56,"column":0},"end":{"line":64,"column":3}},"15":{"start":{"line":57,"column":19},"end":{"line":57,"column":58}},"16":{"start":{"line":59,"column":4},"end":{"line":59,"column":91}},"17":{"start":{"line":59,"column":17},"end":{"line":59,"column":91}},"18":{"start":{"line":61,"column":17},"end":{"line":61,"column":47}},"19":{"start":{"line":63,"column":4},"end":{"line":63,"column":21}},"20":{"start":{"line":66,"column":0},"end":{"line":69,"column":3}},"21":{"start":{"line":67,"column":19},"end":{"line":67,"column":36}},"22":{"start":{"line":68,"column":4},"end":{"line":68,"column":21}},"23":{"start":{"line":71,"column":0},"end":{"line":82,"column":3}},"24":{"start":{"line":73,"column":17},"end":{"line":73,"column":56}},"25":{"start":{"line":75,"column":2},"end":{"line":75,"column":61}},"26":{"start":{"line":75,"column":15},"end":{"line":75,"column":61}},"27":{"start":{"line":77,"column":17},"end":{"line":77,"column":48}},"28":{"start":{"line":79,"column":2},"end":{"line":79,"column":89}},"29":{"start":{"line":79,"column":15},"end":{"line":79,"column":89}},"30":{"start":{"line":81,"column":2},"end":{"line":81,"column":19}},"31":{"start":{"line":85,"column":0},"end":{"line":85,"column":24}}},"fnMap":{"0":{"name":"createMovie","decl":{"start":{"line":6,"column":15},"end":{"line":6,"column":26}},"loc":{"start":{"line":6,"column":39},"end":{"line":26,"column":1}},"line":6},"1":{"name":"getMovies","decl":{"start":{"line":28,"column":15},"end":{"line":28,"column":24}},"loc":{"start":{"line":28,"column":26},"end":{"line":32,"column":1}},"line":28},"2":{"name":"updateMovies","decl":{"start":{"line":34,"column":15},"end":{"line":34,"column":27}},"loc":{"start":{"line":34,"column":40},"end":{"line":54,"column":1}},"line":34},"3":{"name":"(anonymous_3)","decl":{"start":{"line":56,"column":17},"end":{"line":56,"column":18}},"loc":{"start":{"line":56,"column":36},"end":{"line":64,"column":1}},"line":56},"4":{"name":"(anonymous_4)","decl":{"start":{"line":66,"column":16},"end":{"line":66,"column":17}},"loc":{"start":{"line":66,"column":35},"end":{"line":69,"column":1}},"line":66},"5":{"name":"(anonymous_5)","decl":{"start":{"line":71,"column":19},"end":{"line":71,"column":20}},"loc":{"start":{"line":71,"column":38},"end":{"line":82,"column":1}},"line":71}},"branchMap":{"0":{"loc":{"start":{"line":59,"column":4},"end":{"line":59,"column":91}},"type":"if","locations":[{"start":{"line":59,"column":4},"end":{"line":59,"column":91}},{"start":{},"end":{}}],"line":59},"1":{"loc":{"start":{"line":75,"column":2},"end":{"line":75,"column":61}},"type":"if","locations":[{"start":{"line":75,"column":2},"end":{"line":75,"column":61}},{"start":{},"end":{}}],"line":75},"2":{"loc":{"start":{"line":79,"column":2},"end":{"line":79,"column":89}},"type":"if","locations":[{"start":{"line":79,"column":2},"end":{"line":79,"column":89}},{"start":{},"end":{}}],"line":79}},"s":{"0":2,"1":2,"2":2,"3":2,"4":0,"5":0,"6":0,"7":0,"8":0,"9":0,"10":0,"11":0,"12":0,"13":0,"14":2,"15":0,"16":0,"17":0,"18":0,"19":0,"20":2,"21":0,"22":0,"23":2,"24":0,"25":0,"26":0,"27":0,"28":0,"29":0,"30":0,"31":2},"f":{"0":0,"1":0,"2":0,"3":0,"4":0,"5":0},"b":{"0":[0,0],"1":[0,0],"2":[0,0]},"_coverageSchema":"1a1c01bbd47fc00a2c39e90264f33305004495a9","hash":"8962450dc347c125e00811545b5bc994b83fdaf8"}
,"E:\\Node JS\\Exercise\\API Project Node JS Express and Mongo DB\\router\\rentals.js": {"path":"E:\\Node JS\\Exercise\\API Project Node JS Express and Mongo DB\\router\\rentals.js","statementMap":{"0":{"start":{"line":1,"column":16},"end":{"line":1,"column":34}},"1":{"start":{"line":2,"column":15},"end":{"line":2,"column":31}},"2":{"start":{"line":3,"column":17},"end":{"line":3,"column":36}},"3":{"start":{"line":4,"column":13},"end":{"line":4,"column":28}},"4":{"start":{"line":5,"column":27},"end":{"line":5,"column":55}},"5":{"start":{"line":6,"column":19},"end":{"line":6,"column":46}},"6":{"start":{"line":7,"column":22},"end":{"line":7,"column":51}},"7":{"start":{"line":9,"column":0},"end":{"line":9,"column":20}},"8":{"start":{"line":11,"column":0},"end":{"line":13,"column":3}},"9":{"start":{"line":12,"column":20},"end":{"line":12,"column":56}},"10":{"start":{"line":16,"column":17},"end":{"line":27,"column":6}},"11":{"start":{"line":29,"column":4},"end":{"line":41,"column":5}},"12":{"start":{"line":30,"column":8},"end":{"line":35,"column":15}},"13":{"start":{"line":37,"column":8},"end":{"line":37,"column":22}},"14":{"start":{"line":40,"column":8},"end":{"line":40,"column":61}},"15":{"start":{"line":45,"column":0},"end":{"line":60,"column":3}},"16":{"start":{"line":46,"column":22},"end":{"line":46,"column":40}},"17":{"start":{"line":48,"column":4},"end":{"line":48,"column":70}},"18":{"start":{"line":48,"column":16},"end":{"line":48,"column":70}},"19":{"start":{"line":50,"column":21},"end":{"line":50,"column":66}},"20":{"start":{"line":51,"column":4},"end":{"line":51,"column":69}},"21":{"start":{"line":51,"column":20},"end":{"line":51,"column":69}},"22":{"start":{"line":53,"column":18},"end":{"line":53,"column":57}},"23":{"start":{"line":54,"column":4},"end":{"line":54,"column":61}},"24":{"start":{"line":54,"column":17},"end":{"line":54,"column":61}},"25":{"start":{"line":56,"column":4},"end":{"line":56,"column":89}},"26":{"start":{"line":56,"column":35},"end":{"line":56,"column":89}},"27":{"start":{"line":58,"column":19},"end":{"line":58,"column":58}},"28":{"start":{"line":59,"column":4},"end":{"line":59,"column":21}},"29":{"start":{"line":62,"column":0},"end":{"line":68,"column":3}},"30":{"start":{"line":63,"column":19},"end":{"line":63,"column":55}},"31":{"start":{"line":65,"column":4},"end":{"line":65,"column":92}},"32":{"start":{"line":65,"column":17},"end":{"line":65,"column":92}},"33":{"start":{"line":67,"column":4},"end":{"line":67,"column":21}},"34":{"start":{"line":70,"column":0},"end":{"line":70,"column":24}}},"fnMap":{"0":{"name":"(anonymous_0)","decl":{"start":{"line":11,"column":16},"end":{"line":11,"column":17}},"loc":{"start":{"line":11,"column":35},"end":{"line":13,"column":1}},"line":11},"1":{"name":"saveRentals","decl":{"start":{"line":15,"column":15},"end":{"line":15,"column":26}},"loc":{"start":{"line":15,"column":48},"end":{"line":43,"column":1}},"line":15},"2":{"name":"(anonymous_2)","decl":{"start":{"line":45,"column":17},"end":{"line":45,"column":18}},"loc":{"start":{"line":45,"column":35},"end":{"line":60,"column":1}},"line":45},"3":{"name":"(anonymous_3)","decl":{"start":{"line":62,"column":19},"end":{"line":62,"column":20}},"loc":{"start":{"line":62,"column":38},"end":{"line":68,"column":1}},"line":62}},"branchMap":{"0":{"loc":{"start":{"line":48,"column":4},"end":{"line":48,"column":70}},"type":"if","locations":[{"start":{"line":48,"column":4},"end":{"line":48,"column":70}},{"start":{},"end":{}}],"line":48},"1":{"loc":{"start":{"line":51,"column":4},"end":{"line":51,"column":69}},"type":"if","locations":[{"start":{"line":51,"column":4},"end":{"line":51,"column":69}},{"start":{},"end":{}}],"line":51},"2":{"loc":{"start":{"line":54,"column":4},"end":{"line":54,"column":61}},"type":"if","locations":[{"start":{"line":54,"column":4},"end":{"line":54,"column":61}},{"start":{},"end":{}}],"line":54},"3":{"loc":{"start":{"line":56,"column":4},"end":{"line":56,"column":89}},"type":"if","locations":[{"start":{"line":56,"column":4},"end":{"line":56,"column":89}},{"start":{},"end":{}}],"line":56},"4":{"loc":{"start":{"line":65,"column":4},"end":{"line":65,"column":92}},"type":"if","locations":[{"start":{"line":65,"column":4},"end":{"line":65,"column":92}},{"start":{},"end":{}}],"line":65}},"s":{"0":2,"1":2,"2":2,"3":2,"4":2,"5":2,"6":2,"7":2,"8":2,"9":0,"10":0,"11":0,"12":0,"13":0,"14":0,"15":2,"16":0,"17":0,"18":0,"19":0,"20":0,"21":0,"22":0,"23":0,"24":0,"25":0,"26":0,"27":0,"28":0,"29":2,"30":0,"31":0,"32":0,"33":0,"34":2},"f":{"0":0,"1":0,"2":0,"3":0},"b":{"0":[0,0],"1":[0,0],"2":[0,0],"3":[0,0],"4":[0,0]},"_coverageSchema":"1a1c01bbd47fc00a2c39e90264f33305004495a9","hash":"a9d0e46c1d7263817cbae7226087c20eef54281c"}
,"E:\\Node JS\\Exercise\\API Project Node JS Express and Mongo DB\\router\\users.js": {"path":"E:\\Node JS\\Exercise\\API Project Node JS Express and Mongo DB\\router\\users.js","statementMap":{"0":{"start":{"line":1,"column":16},"end":{"line":1,"column":34}},"1":{"start":{"line":2,"column":15},"end":{"line":2,"column":31}},"2":{"start":{"line":3,"column":27},"end":{"line":3,"column":53}},"3":{"start":{"line":4,"column":10},"end":{"line":4,"column":27}},"4":{"start":{"line":5,"column":15},"end":{"line":5,"column":32}},"5":{"start":{"line":7,"column":0},"end":{"line":28,"column":3}},"6":{"start":{"line":8,"column":22},"end":{"line":8,"column":40}},"7":{"start":{"line":10,"column":4},"end":{"line":10,"column":69}},"8":{"start":{"line":10,"column":15},"end":{"line":10,"column":69}},"9":{"start":{"line":12,"column":15},"end":{"line":12,"column":65}},"10":{"start":{"line":13,"column":16},"end":{"line":13,"column":60}},"11":{"start":{"line":15,"column":4},"end":{"line":15,"column":127}},"12":{"start":{"line":15,"column":22},"end":{"line":15,"column":127}},"13":{"start":{"line":17,"column":8},"end":{"line":19,"column":10}},"14":{"start":{"line":21,"column":21},"end":{"line":21,"column":45}},"15":{"start":{"line":22,"column":8},"end":{"line":22,"column":63}},"16":{"start":{"line":24,"column":4},"end":{"line":24,"column":22}},"17":{"start":{"line":26,"column":18},"end":{"line":26,"column":42}},"18":{"start":{"line":27,"column":4},"end":{"line":27,"column":94}},"19":{"start":{"line":29,"column":0},"end":{"line":29,"column":24}}},"fnMap":{"0":{"name":"(anonymous_0)","decl":{"start":{"line":7,"column":17},"end":{"line":7,"column":18}},"loc":{"start":{"line":7,"column":34},"end":{"line":28,"column":1}},"line":7}},"branchMap":{"0":{"loc":{"start":{"line":10,"column":4},"end":{"line":10,"column":69}},"type":"if","locations":[{"start":{"line":10,"column":4},"end":{"line":10,"column":69}},{"start":{},"end":{}}],"line":10},"1":{"loc":{"start":{"line":15,"column":4},"end":{"line":15,"column":127}},"type":"if","locations":[{"start":{"line":15,"column":4},"end":{"line":15,"column":127}},{"start":{},"end":{}}],"line":15},"2":{"loc":{"start":{"line":15,"column":7},"end":{"line":15,"column":20}},"type":"binary-expr","locations":[{"start":{"line":15,"column":7},"end":{"line":15,"column":11}},{"start":{"line":15,"column":15},"end":{"line":15,"column":20}}],"line":15},"3":{"loc":{"start":{"line":15,"column":58},"end":{"line":15,"column":98}},"type":"cond-expr","locations":[{"start":{"line":15,"column":65},"end":{"line":15,"column":75}},{"start":{"line":15,"column":78},"end":{"line":15,"column":98}}],"line":15},"4":{"loc":{"start":{"line":15,"column":78},"end":{"line":15,"column":98}},"type":"cond-expr","locations":[{"start":{"line":15,"column":86},"end":{"line":15,"column":93}},{"start":{"line":15,"column":96},"end":{"line":15,"column":98}}],"line":15}},"s":{"0":2,"1":2,"2":2,"3":2,"4":2,"5":2,"6":0,"7":0,"8":0,"9":0,"10":0,"11":0,"12":0,"13":0,"14":0,"15":0,"16":0,"17":0,"18":0,"19":2},"f":{"0":0},"b":{"0":[0,0],"1":[0,0],"2":[0,0],"3":[0,0],"4":[0,0]},"_coverageSchema":"1a1c01bbd47fc00a2c39e90264f33305004495a9","hash":"17ec99e0d1c9061d0203f2d361c4ff038cf61027"}
,"E:\\Node JS\\Exercise\\API Project Node JS Express and Mongo DB\\schema\\customer.js": {"path":"E:\\Node JS\\Exercise\\API Project Node JS Express and Mongo DB\\schema\\customer.js","statementMap":{"0":{"start":{"line":1,"column":12},"end":{"line":1,"column":26}},"1":{"start":{"line":2,"column":17},"end":{"line":2,"column":36}},"2":{"start":{"line":4,"column":18},"end":{"line":21,"column":3}},"3":{"start":{"line":24,"column":17},"end":{"line":28,"column":4}},"4":{"start":{"line":30,"column":2},"end":{"line":30,"column":35}},"5":{"start":{"line":33,"column":0},"end":{"line":33,"column":30}},"6":{"start":{"line":34,"column":0},"end":{"line":34,"column":36}}},"fnMap":{"0":{"name":"validateCustomer","decl":{"start":{"line":23,"column":9},"end":{"line":23,"column":25}},"loc":{"start":{"line":23,"column":36},"end":{"line":31,"column":1}},"line":23}},"branchMap":{},"s":{"0":2,"1":2,"2":2,"3":0,"4":0,"5":2,"6":2},"f":{"0":0},"b":{},"_coverageSchema":"1a1c01bbd47fc00a2c39e90264f33305004495a9","hash":"144e60eda2601a4853abd564b4daaa6dad2069c7"}
,"E:\\Node JS\\Exercise\\API Project Node JS Express and Mongo DB\\schema\\genre.js": {"path":"E:\\Node JS\\Exercise\\API Project Node JS Express and Mongo DB\\schema\\genre.js","statementMap":{"0":{"start":{"line":1,"column":17},"end":{"line":1,"column":36}},"1":{"start":{"line":2,"column":12},"end":{"line":2,"column":26}},"2":{"start":{"line":4,"column":20},"end":{"line":11,"column":2}},"3":{"start":{"line":13,"column":15},"end":{"line":13,"column":52}},"4":{"start":{"line":16,"column":17},"end":{"line":18,"column":6}},"5":{"start":{"line":20,"column":4},"end":{"line":20,"column":34}},"6":{"start":{"line":23,"column":0},"end":{"line":26,"column":1}}},"fnMap":{"0":{"name":"validateGenre","decl":{"start":{"line":15,"column":9},"end":{"line":15,"column":22}},"loc":{"start":{"line":15,"column":29},"end":{"line":21,"column":1}},"line":15}},"branchMap":{},"s":{"0":2,"1":2,"2":2,"3":2,"4":2,"5":2,"6":2},"f":{"0":2},"b":{},"_coverageSchema":"1a1c01bbd47fc00a2c39e90264f33305004495a9","hash":"97f45870831f3851c624c9165e881e43b8a5be2c"}
,"E:\\Node JS\\Exercise\\API Project Node JS Express and Mongo DB\\schema\\movies.js": {"path":"E:\\Node JS\\Exercise\\API Project Node JS Express and Mongo DB\\schema\\movies.js","statementMap":{"0":{"start":{"line":1,"column":17},"end":{"line":1,"column":36}},"1":{"start":{"line":2,"column":24},"end":{"line":2,"column":42}},"2":{"start":{"line":3,"column":12},"end":{"line":3,"column":26}},"3":{"start":{"line":5,"column":20},"end":{"line":26,"column":2}},"4":{"start":{"line":28,"column":15},"end":{"line":28,"column":52}},"5":{"start":{"line":30,"column":0},"end":{"line":30,"column":35}}},"fnMap":{},"branchMap":{},"s":{"0":2,"1":2,"2":2,"3":2,"4":2,"5":2},"f":{},"b":{},"_coverageSchema":"1a1c01bbd47fc00a2c39e90264f33305004495a9","hash":"064f975e2945a524c2a0ad2730272bf79f89ef1d"}
,"E:\\Node JS\\Exercise\\API Project Node JS Express and Mongo DB\\schema\\rentals.js": {"path":"E:\\Node JS\\Exercise\\API Project Node JS Express and Mongo DB\\schema\\rentals.js","statementMap":{"0":{"start":{"line":1,"column":12},"end":{"line":1,"column":26}},"1":{"start":{"line":2,"column":17},"end":{"line":2,"column":36}},"2":{"start":{"line":4,"column":21},"end":{"line":49,"column":2}},"3":{"start":{"line":51,"column":15},"end":{"line":51,"column":53}},"4":{"start":{"line":54,"column":17},"end":{"line":57,"column":6}},"5":{"start":{"line":59,"column":4},"end":{"line":59,"column":35}},"6":{"start":{"line":62,"column":0},"end":{"line":65,"column":1}}},"fnMap":{"0":{"name":"validateRental","decl":{"start":{"line":53,"column":9},"end":{"line":53,"column":23}},"loc":{"start":{"line":53,"column":31},"end":{"line":60,"column":1}},"line":53}},"branchMap":{},"s":{"0":2,"1":2,"2":2,"3":2,"4":0,"5":0,"6":2},"f":{"0":0},"b":{},"_coverageSchema":"1a1c01bbd47fc00a2c39e90264f33305004495a9","hash":"bbe5152fe4b4075d2ec6d8bd79f6fd832f6e3197"}
,"E:\\Node JS\\Exercise\\API Project Node JS Express and Mongo DB\\schema\\users.js": {"path":"E:\\Node JS\\Exercise\\API Project Node JS Express and Mongo DB\\schema\\users.js","statementMap":{"0":{"start":{"line":1,"column":17},"end":{"line":1,"column":36}},"1":{"start":{"line":2,"column":12},"end":{"line":2,"column":26}},"2":{"start":{"line":3,"column":15},"end":{"line":3,"column":32}},"3":{"start":{"line":4,"column":12},"end":{"line":4,"column":35}},"4":{"start":{"line":6,"column":19},"end":{"line":25,"column":2}},"5":{"start":{"line":27,"column":0},"end":{"line":29,"column":1}},"6":{"start":{"line":28,"column":4},"end":{"line":28,"column":89}},"7":{"start":{"line":31,"column":13},"end":{"line":31,"column":47}},"8":{"start":{"line":34,"column":17},"end":{"line":39,"column":6}},"9":{"start":{"line":41,"column":4},"end":{"line":41,"column":33}},"10":{"start":{"line":43,"column":0},"end":{"line":46,"column":1}}},"fnMap":{"0":{"name":"(anonymous_0)","decl":{"start":{"line":27,"column":39},"end":{"line":27,"column":40}},"loc":{"start":{"line":27,"column":50},"end":{"line":29,"column":1}},"line":27},"1":{"name":"validateUser","decl":{"start":{"line":33,"column":9},"end":{"line":33,"column":21}},"loc":{"start":{"line":33,"column":28},"end":{"line":42,"column":1}},"line":33}},"branchMap":{},"s":{"0":2,"1":2,"2":2,"3":2,"4":2,"5":2,"6":4,"7":2,"8":0,"9":0,"10":2},"f":{"0":4,"1":0},"b":{},"_coverageSchema":"1a1c01bbd47fc00a2c39e90264f33305004495a9","hash":"6bade3e527d8119f149ce144208ef57ede50f89e"}
,"E:\\Node JS\\Exercise\\API Project Node JS Express and Mongo DB\\startup\\logging.js": {"path":"E:\\Node JS\\Exercise\\API Project Node JS Express and Mongo DB\\startup\\logging.js","statementMap":{"0":{"start":{"line":1,"column":16},"end":{"line":1,"column":34}},"1":{"start":{"line":3,"column":17},"end":{"line":3,"column":36}},"2":{"start":{"line":4,"column":0},"end":{"line":4,"column":32}},"3":{"start":{"line":6,"column":0},"end":{"line":14,"column":1}},"4":{"start":{"line":7,"column":4},"end":{"line":10,"column":10}},"5":{"start":{"line":12,"column":4},"end":{"line":12,"column":72}}},"fnMap":{"0":{"name":"(anonymous_0)","decl":{"start":{"line":6,"column":17},"end":{"line":6,"column":18}},"loc":{"start":{"line":6,"column":27},"end":{"line":14,"column":1}},"line":6}},"branchMap":{},"s":{"0":2,"1":2,"2":2,"3":2,"4":2,"5":2},"f":{"0":2},"b":{},"_coverageSchema":"1a1c01bbd47fc00a2c39e90264f33305004495a9","hash":"9fe172d2bf20b660061b542069024c19b5dbf333"}
,"E:\\Node JS\\Exercise\\API Project Node JS Express and Mongo DB\\startup\\routes.js": {"path":"E:\\Node JS\\Exercise\\API Project Node JS Express and Mongo DB\\startup\\routes.js","statementMap":{"0":{"start":{"line":1,"column":16},"end":{"line":1,"column":34}},"1":{"start":{"line":2,"column":15},"end":{"line":2,"column":42}},"2":{"start":{"line":3,"column":15},"end":{"line":3,"column":42}},"3":{"start":{"line":4,"column":18},"end":{"line":4,"column":48}},"4":{"start":{"line":5,"column":16},"end":{"line":5,"column":44}},"5":{"start":{"line":6,"column":14},"end":{"line":6,"column":40}},"6":{"start":{"line":7,"column":23},"end":{"line":7,"column":58}},"7":{"start":{"line":8,"column":14},"end":{"line":8,"column":44}},"8":{"start":{"line":10,"column":0},"end":{"line":18,"column":1}},"9":{"start":{"line":11,"column":4},"end":{"line":11,"column":35}},"10":{"start":{"line":12,"column":4},"end":{"line":12,"column":35}},"11":{"start":{"line":13,"column":4},"end":{"line":13,"column":41}},"12":{"start":{"line":14,"column":4},"end":{"line":14,"column":37}},"13":{"start":{"line":15,"column":4},"end":{"line":15,"column":33}},"14":{"start":{"line":16,"column":4},"end":{"line":16,"column":51}},"15":{"start":{"line":17,"column":4},"end":{"line":17,"column":19}}},"fnMap":{"0":{"name":"(anonymous_0)","decl":{"start":{"line":10,"column":17},"end":{"line":10,"column":18}},"loc":{"start":{"line":10,"column":30},"end":{"line":18,"column":1}},"line":10}},"branchMap":{},"s":{"0":2,"1":2,"2":2,"3":2,"4":2,"5":2,"6":2,"7":2,"8":2,"9":2,"10":2,"11":2,"12":2,"13":2,"14":2,"15":2},"f":{"0":2},"b":{},"_coverageSchema":"1a1c01bbd47fc00a2c39e90264f33305004495a9","hash":"14d953179a23e7d5d7cf9f8acf11623bd19775e2"}
}
